<?xml version="1.0" encoding="UTF-8"?>
<testng-results skipped="0" failed="0" ignored="0" total="1" passed="1">
  <reporter-output>
  </reporter-output>
  <suite name="Suite" duration-ms="47936" started-at="2018-09-01T20:08:01Z" finished-at="2018-09-01T20:08:49Z">
    <groups>
    </groups>
    <test name="Test" duration-ms="47936" started-at="2018-09-01T20:08:01Z" finished-at="2018-09-01T20:08:49Z">
      <class name="testcases.AppTest">
        <test-method status="PASS" signature="initialize()[pri:0, instance:testcases.AppTest@783a467b]" name="initialize" is-config="true" duration-ms="24" started-at="2018-09-01T20:08:01Z" finished-at="2018-09-01T20:08:01Z">
          <reporter-output>
          </reporter-output>
        </test-method> <!-- initialize -->
        <test-method status="PASS" signature="testmyApp()[pri:0, instance:testcases.AppTest@783a467b]" name="testmyApp" duration-ms="47047" started-at="2018-09-01T20:08:01Z" finished-at="2018-09-01T20:08:49Z">
          <reporter-output>
          </reporter-output>
        </test-method> <!-- testmyApp -->
        <test-method status="PASS" signature="endScript()[pri:0, instance:testcases.AppTest@783a467b]" name="endScript" is-config="true" duration-ms="836" started-at="2018-09-01T20:08:49Z" finished-at="2018-09-01T20:08:49Z">
          <reporter-output>
          </reporter-output>
        </test-method> <!-- endScript -->
      </class> <!-- testcases.AppTest -->
    </test> <!-- Test -->
  </suite> <!-- Suite -->
</testng-results>
